<?xml version="1.0" encoding="UTF-8"?>
<!-- Generated by org.testng.reporters.JUnitXMLReporter -->
<testsuite ignored="0" hostname="Aravind" failures="0" tests="13" name="Default test" time="151.892" errors="0" timestamp="2024-05-28T12:17:32 IST">
  <testcase classname="testpackage.Bewakooftest" name="popupclose" time="12.748"/>
  <testcase classname="testpackage.Bewakooftest" name="homepagelogo" time="5.192"/>
  <testcase classname="testpackage.Bewakooftest" name="mensection" time="9.307"/>
  <testcase classname="testpackage.Bewakooftest" name="tshirtfilter" time="12.607"/>
  <testcase classname="testpackage.Bewakooftest" name="firstproducttocart" time="17.487"/>
  <testcase classname="testpackage.Bewakooftest" name="gotowomensection" time="14.126"/>
  <testcase classname="testpackage.Bewakooftest" name="secondproducttocart" time="23.576"/>
  <testcase classname="testpackage.Bewakooftest" name="addressdetailsselection" time="15.077"/>
  <testcase classname="testpackage.Bewakooftest" name="paymentdetailsfilling" time="6.459"/>
  <testcase classname="testpackage.Bewakooftest" name="gobacktohomepage" time="4.954"/>
  <testcase classname="testpackage.Bewakooftest" name="removeallfromcart" time="19.832"/>
  <testcase classname="testpackage.Bewakooftest" name="screenshotofpage" time="1.449"/>
  <testcase classname="testpackage.Bewakooftest" name="logoutofaccount" time="2.802"/>
</testsuite> <!-- Default test -->
