<?xml version="1.0" encoding="UTF-8"?>
<testng-results ignored="0" total="13" passed="13" failed="0" skipped="0">
  <reporter-output>
  </reporter-output>
  <suite started-at="2024-05-28T12:15:00 IST" name="Default suite" finished-at="2024-05-28T12:17:32 IST" duration-ms="151892">
    <groups>
    </groups>
    <test started-at="2024-05-28T12:15:00 IST" name="Default test" finished-at="2024-05-28T12:17:32 IST" duration-ms="151892">
      <class name="testpackage.Bewakooftest">
        <test-method is-config="true" signature="setup()[pri:0, instance:testpackage.Bewakooftest@644baf4a]" started-at="2024-05-28T12:15:00 IST" name="setup" finished-at="2024-05-28T12:15:06 IST" duration-ms="6056" status="PASS">
          <reporter-output>
          </reporter-output>
        </test-method> <!-- setup -->
        <test-method signature="popupclose()[pri:1, instance:testpackage.Bewakooftest@644baf4a]" started-at="2024-05-28T12:15:06 IST" name="popupclose" finished-at="2024-05-28T12:15:19 IST" duration-ms="12748" status="PASS">
          <reporter-output>
          </reporter-output>
        </test-method> <!-- popupclose -->
        <test-method signature="homepagelogo()[pri:2, instance:testpackage.Bewakooftest@644baf4a]" started-at="2024-05-28T12:15:19 IST" name="homepagelogo" finished-at="2024-05-28T12:15:24 IST" duration-ms="5192" status="PASS">
          <reporter-output>
          </reporter-output>
        </test-method> <!-- homepagelogo -->
        <test-method signature="mensection()[pri:3, instance:testpackage.Bewakooftest@644baf4a]" started-at="2024-05-28T12:15:24 IST" name="mensection" finished-at="2024-05-28T12:15:34 IST" duration-ms="9307" status="PASS">
          <reporter-output>
          </reporter-output>
        </test-method> <!-- mensection -->
        <test-method signature="tshirtfilter()[pri:4, instance:testpackage.Bewakooftest@644baf4a]" started-at="2024-05-28T12:15:34 IST" name="tshirtfilter" finished-at="2024-05-28T12:15:46 IST" duration-ms="12607" status="PASS">
          <reporter-output>
          </reporter-output>
        </test-method> <!-- tshirtfilter -->
        <test-method signature="firstproducttocart()[pri:5, instance:testpackage.Bewakooftest@644baf4a]" started-at="2024-05-28T12:15:46 IST" name="firstproducttocart" finished-at="2024-05-28T12:16:04 IST" duration-ms="17487" status="PASS">
          <reporter-output>
          </reporter-output>
        </test-method> <!-- firstproducttocart -->
        <test-method signature="gotowomensection()[pri:6, instance:testpackage.Bewakooftest@644baf4a]" started-at="2024-05-28T12:16:04 IST" name="gotowomensection" finished-at="2024-05-28T12:16:18 IST" duration-ms="14126" status="PASS">
          <reporter-output>
          </reporter-output>
        </test-method> <!-- gotowomensection -->
        <test-method signature="secondproducttocart()[pri:7, instance:testpackage.Bewakooftest@644baf4a]" started-at="2024-05-28T12:16:18 IST" name="secondproducttocart" finished-at="2024-05-28T12:16:42 IST" duration-ms="23576" status="PASS">
          <reporter-output>
          </reporter-output>
        </test-method> <!-- secondproducttocart -->
        <test-method signature="addressdetailsselection()[pri:8, instance:testpackage.Bewakooftest@644baf4a]" started-at="2024-05-28T12:16:42 IST" name="addressdetailsselection" finished-at="2024-05-28T12:16:57 IST" duration-ms="15077" status="PASS">
          <reporter-output>
          </reporter-output>
        </test-method> <!-- addressdetailsselection -->
        <test-method signature="paymentdetailsfilling()[pri:9, instance:testpackage.Bewakooftest@644baf4a]" started-at="2024-05-28T12:16:57 IST" name="paymentdetailsfilling" finished-at="2024-05-28T12:17:03 IST" duration-ms="6459" status="PASS">
          <reporter-output>
          </reporter-output>
        </test-method> <!-- paymentdetailsfilling -->
        <test-method signature="gobacktohomepage()[pri:10, instance:testpackage.Bewakooftest@644baf4a]" started-at="2024-05-28T12:17:03 IST" name="gobacktohomepage" finished-at="2024-05-28T12:17:08 IST" duration-ms="4954" status="PASS">
          <reporter-output>
          </reporter-output>
        </test-method> <!-- gobacktohomepage -->
        <test-method signature="removeallfromcart()[pri:11, instance:testpackage.Bewakooftest@644baf4a]" started-at="2024-05-28T12:17:08 IST" name="removeallfromcart" finished-at="2024-05-28T12:17:28 IST" duration-ms="19832" status="PASS">
          <reporter-output>
          </reporter-output>
        </test-method> <!-- removeallfromcart -->
        <test-method signature="screenshotofpage()[pri:12, instance:testpackage.Bewakooftest@644baf4a]" started-at="2024-05-28T12:17:28 IST" name="screenshotofpage" finished-at="2024-05-28T12:17:29 IST" duration-ms="1449" status="PASS">
          <reporter-output>
          </reporter-output>
        </test-method> <!-- screenshotofpage -->
        <test-method signature="logoutofaccount()[pri:13, instance:testpackage.Bewakooftest@644baf4a]" started-at="2024-05-28T12:17:29 IST" name="logoutofaccount" finished-at="2024-05-28T12:17:32 IST" duration-ms="2802" status="PASS">
          <reporter-output>
          </reporter-output>
        </test-method> <!-- logoutofaccount -->
      </class> <!-- testpackage.Bewakooftest -->
    </test> <!-- Default test -->
  </suite> <!-- Default suite -->
</testng-results>
